20241104	02:45:53	d24acec5-bc70-47d8-ba85-970ef1b43a42	OPTIONS	/api/users	http://localhost:5173
20241104	02:45:53	b666029b-1cd8-4620-8b11-6a7609dbd9fa	POST	/api/users	http://localhost:5173
20241104	02:47:32	e31f34d4-2c32-46fa-b5db-b57f723a9ffe	OPTIONS	/api/users	http://localhost:5173
20241104	02:47:32	b4d7612c-a12d-4834-87ee-76d81012a5bf	POST	/api/users	http://localhost:5173
20241104	02:48:54	7047d926-ef59-4bba-ae7d-6d69d429cf20	OPTIONS	/users	http://localhost:5173
20241104	02:48:54	dd15d454-4294-4e63-b43e-db870c32b493	POST	/users	http://localhost:5173
20241104	02:50:05	f3c2925e-512d-4de2-8ead-cef5bb2500d8	OPTIONS	/users	http://localhost:5173
20241104	02:50:05	a60ea49c-d1b6-4d57-a7a1-0dbadde48c8a	POST	/users	http://localhost:5173
20241104	02:50:12	d37de9e5-a755-44c4-ad9d-d4124610f659	OPTIONS	/users	http://localhost:5173
20241104	02:50:12	8533986f-571b-4d3d-84a8-62a92622c211	POST	/users	http://localhost:5173
20241104	02:52:29	a7fa04c0-5e02-4544-9129-a39c99ced6a9	OPTIONS	/users	http://localhost:5173
20241104	02:52:29	1fcfaddb-8755-4b5b-8fe4-377d347f94be	POST	/users	http://localhost:5173
20241104	02:52:35	f889ebf5-039f-4dfa-a022-d20103284e13	OPTIONS	/users	http://localhost:5173
20241104	02:52:35	a2983d0b-be09-4776-b55b-4e1c3f46aa54	POST	/users	http://localhost:5173
20241104	02:54:23	ad89c635-ccff-4129-b867-3d1c409ec061	OPTIONS	/users/register	http://localhost:5173
20241104	02:54:23	daa8455a-2f08-4c3d-9be8-8b7ce7cbffc6	POST	/users/register	http://localhost:5173
20241105	06:36:23	23b9a8bc-9d7e-467b-9cce-d70cee60597e	OPTIONS	/users/register	http://localhost:5173
20241105	06:36:23	e9aa631a-7868-4c0f-8730-0931204307ed	POST	/users/register	http://localhost:5173
20241105	06:40:37	d508260b-d2c0-4231-8362-3941a8325dd2	OPTIONS	/users/register	http://localhost:5173
20241105	06:40:37	056ebf1d-b3c4-4967-a315-61d7f8f45b90	POST	/users/register	http://localhost:5173
20241105	06:40:39	34a93e4a-12cb-45fd-aa20-8dd4defff67c	POST	/users/register	http://localhost:5173
20241105	06:44:39	fff06bcf-8d3f-4d7d-97dd-dbf702606368	OPTIONS	/users/register	http://localhost:5173
20241105	06:44:39	259ca84f-0450-4a07-8202-a150af455c4a	POST	/users/register	http://localhost:5173
20241105	06:47:03	59a2f684-310d-4357-bcba-f463c079d07e	OPTIONS	/users/register	http://localhost:5173
20241105	06:47:03	1e90c719-e907-4a1a-a711-e71118932f8f	POST	/users/register	http://localhost:5173
20241105	06:47:06	2d47abde-b9f5-48dc-83b5-3967fefe4ea2	POST	/users/register	http://localhost:5173
20241105	06:48:21	16cf3ebd-27c5-427e-8c08-7529f1c2ffeb	OPTIONS	/users/register	http://localhost:5173
20241105	06:48:21	f4949596-09bd-4793-ad0b-3f8d071af2cd	POST	/users/register	http://localhost:5173
20241105	06:48:23	04086d3b-a01e-4405-b23f-2f48d07bb445	POST	/users/register	http://localhost:5173
20241105	06:48:24	76165b6d-f457-4a7e-aa19-b27fd0dc5671	POST	/users/register	http://localhost:5173
